# JRE version: OpenJDK Runtime Environment (21.0.7) (build 21.0.7+-13880790-b1038.58)
# Java VM: OpenJDK 64-Bit Server VM (21.0.7+-13880790-b1038.58, mixed mode, tiered, compressed oops, compressed class ptrs, g1 gc, windows-amd64)
GC Precious Log:
 CardTable entry size: 512
 Card Set container configuration: InlinePtr #cards 5 size 8 Array Of Cards #cards 12 size 40 Howl #buckets 4 coarsen threshold 1843 Howl Bitmap #cards 512 size 80 coarsen threshold 460 Card regions per heap region 1 cards per card region 2048
 CPUs: 16 total, 16 available
 Memory: 20332M
 Large Page Support: Disabled
 NUMA Support: Disabled
 Compressed Oops: Enabled (32-bit)
 Heap Region Size: 1M
 Heap Min Capacity: 8M
 Heap Initial Capacity: 318M
 Heap Max Capacity: 2G
 Pre-touch: Disabled
 Parallel Workers: 13
 Concurrent Workers: 3
 Concurrent Refinement Workers: 13
 Periodic GC: Disabled
Heap:
 garbage-first heap   total 465920K, used 258998K [0x0000000080000000, 0x0000000100000000)
  region size 1024K, 48 young (49152K), 21 survivors (21504K)
 Metaspace       used 197344K, committed 200128K, reserved 1245184K
  class space    used 27160K, committed 28544K, reserved 1048576K
GC Heap History (20 events):
Event: 101.850 GC heap before
{Heap before GC invocations=73 (full 0):
 garbage-first heap   total 414720K, used 376726K [0x0000000080000000, 0x0000000100000000)
  region size 1024K, 200 young (204800K), 5 survivors (5120K)
 Metaspace       used 176163K, committed 178816K, reserved 1245184K
  class space    used 24611K, committed 25920K, reserved 1048576K
}
Event: 101.857 GC heap after
{Heap after GC invocations=74 (full 0):
 garbage-first heap   total 414720K, used 179309K [0x0000000080000000, 0x0000000100000000)
  region size 1024K, 10 young (10240K), 10 survivors (10240K)
 Metaspace       used 176163K, committed 178816K, reserved 1245184K
  class space    used 24611K, committed 25920K, reserved 1048576K
}
Event: 128.398 GC heap before
{Heap before GC invocations=74 (full 0):
 garbage-first heap   total 414720K, used 412781K [0x0000000080000000, 0x0000000100000000)
  region size 1024K, 202 young (206848K), 10 survivors (10240K)
 Metaspace       used 180557K, committed 183168K, reserved 1245184K
  class space    used 25210K, committed 26496K, reserved 1048576K
}
Event: 128.409 GC heap after
{Heap after GC invocations=75 (full 0):
 garbage-first heap   total 443392K, used 189280K [0x0000000080000000, 0x0000000100000000)
  region size 1024K, 22 young (22528K), 22 survivors (22528K)
 Metaspace       used 180557K, committed 183168K, reserved 1245184K
  class space    used 25210K, committed 26496K, reserved 1048576K
}
Event: 128.586 GC heap before
{Heap before GC invocations=75 (full 0):
 garbage-first heap   total 443392K, used 229216K [0x0000000080000000, 0x0000000100000000)
  region size 1024K, 63 young (64512K), 22 survivors (22528K)
 Metaspace       used 180640K, committed 183296K, reserved 1245184K
  class space    used 25213K, committed 26496K, reserved 1048576K
}
Event: 128.594 GC heap after
{Heap after GC invocations=76 (full 0):
 garbage-first heap   total 443392K, used 192000K [0x0000000080000000, 0x0000000100000000)
  region size 1024K, 17 young (17408K), 17 survivors (17408K)
 Metaspace       used 180640K, committed 183296K, reserved 1245184K
  class space    used 25213K, committed 26496K, reserved 1048576K
}
Event: 303.188 GC heap before
{Heap before GC invocations=77 (full 0):
 garbage-first heap   total 443392K, used 425472K [0x0000000080000000, 0x0000000100000000)
  region size 1024K, 222 young (227328K), 17 survivors (17408K)
 Metaspace       used 180896K, committed 183552K, reserved 1245184K
  class space    used 25195K, committed 26496K, reserved 1048576K
}
Event: 303.191 GC heap after
{Heap after GC invocations=78 (full 0):
 garbage-first heap   total 443392K, used 181248K [0x0000000080000000, 0x0000000100000000)
  region size 1024K, 3 young (3072K), 3 survivors (3072K)
 Metaspace       used 180896K, committed 183552K, reserved 1245184K
  class space    used 25195K, committed 26496K, reserved 1048576K
}
Event: 329.535 GC heap before
{Heap before GC invocations=78 (full 0):
 garbage-first heap   total 443392K, used 425984K [0x0000000080000000, 0x0000000100000000)
  region size 1024K, 231 young (236544K), 3 survivors (3072K)
 Metaspace       used 181906K, committed 184576K, reserved 1245184K
  class space    used 25239K, committed 26560K, reserved 1048576K
}
Event: 329.542 GC heap after
{Heap after GC invocations=79 (full 0):
 garbage-first heap   total 443392K, used 188371K [0x0000000080000000, 0x0000000100000000)
  region size 1024K, 12 young (12288K), 12 survivors (12288K)
 Metaspace       used 181906K, committed 184576K, reserved 1245184K
  class space    used 25239K, committed 26560K, reserved 1048576K
}
Event: 392.105 GC heap before
{Heap before GC invocations=79 (full 0):
 garbage-first heap   total 443392K, used 405459K [0x0000000080000000, 0x0000000100000000)
  region size 1024K, 225 young (230400K), 12 survivors (12288K)
 Metaspace       used 182326K, committed 184960K, reserved 1245184K
  class space    used 25248K, committed 26560K, reserved 1048576K
}
Event: 392.112 GC heap after
{Heap after GC invocations=80 (full 0):
 garbage-first heap   total 443392K, used 180877K [0x0000000080000000, 0x0000000100000000)
  region size 1024K, 9 young (9216K), 9 survivors (9216K)
 Metaspace       used 182326K, committed 184960K, reserved 1245184K
  class space    used 25248K, committed 26560K, reserved 1048576K
}
Event: 1268.171 GC heap before
{Heap before GC invocations=80 (full 0):
 garbage-first heap   total 443392K, used 376461K [0x0000000080000000, 0x0000000100000000)
  region size 1024K, 202 young (206848K), 9 survivors (9216K)
 Metaspace       used 182768K, committed 185408K, reserved 1245184K
  class space    used 25271K, committed 26560K, reserved 1048576K
}
Event: 1268.174 GC heap after
{Heap after GC invocations=81 (full 0):
 garbage-first heap   total 443392K, used 174404K [0x0000000080000000, 0x0000000100000000)
  region size 1024K, 3 young (3072K), 3 survivors (3072K)
 Metaspace       used 182768K, committed 185408K, reserved 1245184K
  class space    used 25271K, committed 26560K, reserved 1048576K
}
Event: 1269.777 GC heap before
{Heap before GC invocations=82 (full 0):
 garbage-first heap   total 443392K, used 440644K [0x0000000080000000, 0x0000000100000000)
  region size 1024K, 227 young (232448K), 3 survivors (3072K)
 Metaspace       used 189589K, committed 192256K, reserved 1245184K
  class space    used 26261K, committed 27584K, reserved 1048576K
}
Event: 1269.786 GC heap after
{Heap after GC invocations=83 (full 0):
 garbage-first heap   total 460800K, used 227076K [0x0000000080000000, 0x0000000100000000)
  region size 1024K, 17 young (17408K), 17 survivors (17408K)
 Metaspace       used 189589K, committed 192256K, reserved 1245184K
  class space    used 26261K, committed 27584K, reserved 1048576K
}
Event: 1271.059 GC heap before
{Heap before GC invocations=83 (full 0):
 garbage-first heap   total 460800K, used 426756K [0x0000000080000000, 0x0000000100000000)
  region size 1024K, 204 young (208896K), 17 survivors (17408K)
 Metaspace       used 194721K, committed 197440K, reserved 1245184K
  class space    used 26901K, committed 28224K, reserved 1048576K
}
Event: 1271.070 GC heap after
{Heap after GC invocations=84 (full 0):
 garbage-first heap   total 465920K, used 224017K [0x0000000080000000, 0x0000000100000000)
  region size 1024K, 13 young (13312K), 13 survivors (13312K)
 Metaspace       used 194721K, committed 197440K, reserved 1245184K
  class space    used 26901K, committed 28224K, reserved 1048576K
}
Event: 1272.134 GC heap before
{Heap before GC invocations=84 (full 0):
 garbage-first heap   total 465920K, used 427793K [0x0000000080000000, 0x0000000100000000)
  region size 1024K, 212 young (217088K), 13 survivors (13312K)
 Metaspace       used 194841K, committed 197568K, reserved 1245184K
  class space    used 26921K, committed 28288K, reserved 1048576K
}
Event: 1272.142 GC heap after
{Heap after GC invocations=85 (full 0):
 garbage-first heap   total 465920K, used 231350K [0x0000000080000000, 0x0000000100000000)
  region size 1024K, 21 young (21504K), 21 survivors (21504K)
 Metaspace       used 194841K, committed 197568K, reserved 1245184K
  class space    used 26921K, committed 28288K, reserved 1048576K
}

