# JRE version: OpenJDK Runtime Environment (21.0.7) (build 21.0.7+-13880790-b1038.58)
# Java VM: OpenJDK 64-Bit Server VM (21.0.7+-13880790-b1038.58, mixed mode, tiered, compressed oops, compressed class ptrs, g1 gc, windows-amd64)
GC Precious Log:
 CardTable entry size: 512
 Card Set container configuration: InlinePtr #cards 5 size 8 Array Of Cards #cards 12 size 40 Howl #buckets 4 coarsen threshold 1843 Howl Bitmap #cards 512 size 80 coarsen threshold 460 Card regions per heap region 1 cards per card region 2048
 CPUs: 16 total, 16 available
 Memory: 20332M
 Large Page Support: Disabled
 NUMA Support: Disabled
 Compressed Oops: Enabled (32-bit)
 Heap Region Size: 1M
 Heap Min Capacity: 8M
 Heap Initial Capacity: 318M
 Heap Max Capacity: 2G
 Pre-touch: Disabled
 Parallel Workers: 13
 Concurrent Workers: 3
 Concurrent Refinement Workers: 13
 Periodic GC: Disabled
Heap:
 garbage-first heap   total 340992K, used 194680K [0x0000000080000000, 0x0000000100000000)
  region size 1024K, 42 young (43008K), 13 survivors (13312K)
 Metaspace       used 139019K, committed 141504K, reserved 1179648K
  class space    used 18308K, committed 19520K, reserved 1048576K
GC Heap History (20 events):
Event: 289.006 GC heap before
{Heap before GC invocations=60 (full 0):
 garbage-first heap   total 296960K, used 267183K [0x0000000080000000, 0x0000000100000000)
  region size 1024K, 95 young (97280K), 6 survivors (6144K)
 Metaspace       used 133932K, committed 136384K, reserved 1179648K
  class space    used 18038K, committed 19264K, reserved 1048576K
}
Event: 289.012 GC heap after
{Heap after GC invocations=61 (full 0):
 garbage-first heap   total 296960K, used 168531K [0x0000000080000000, 0x0000000100000000)
  region size 1024K, 11 young (11264K), 11 survivors (11264K)
 Metaspace       used 133932K, committed 136384K, reserved 1179648K
  class space    used 18038K, committed 19264K, reserved 1048576K
}
Event: 290.489 GC heap before
{Heap before GC invocations=61 (full 0):
 garbage-first heap   total 296960K, used 285267K [0x0000000080000000, 0x0000000100000000)
  region size 1024K, 108 young (110592K), 11 survivors (11264K)
 Metaspace       used 134236K, committed 136640K, reserved 1179648K
  class space    used 18040K, committed 19264K, reserved 1048576K
}
Event: 290.496 GC heap after
{Heap after GC invocations=62 (full 0):
 garbage-first heap   total 308224K, used 156277K [0x0000000080000000, 0x0000000100000000)
  region size 1024K, 8 young (8192K), 8 survivors (8192K)
 Metaspace       used 134236K, committed 136640K, reserved 1179648K
  class space    used 18040K, committed 19264K, reserved 1048576K
}
Event: 290.626 GC heap before
{Heap before GC invocations=62 (full 0):
 garbage-first heap   total 308224K, used 188021K [0x0000000080000000, 0x0000000100000000)
  region size 1024K, 41 young (41984K), 8 survivors (8192K)
 Metaspace       used 134275K, committed 136704K, reserved 1179648K
  class space    used 18040K, committed 19264K, reserved 1048576K
}
Event: 290.629 GC heap after
{Heap after GC invocations=63 (full 0):
 garbage-first heap   total 308224K, used 156031K [0x0000000080000000, 0x0000000100000000)
  region size 1024K, 8 young (8192K), 8 survivors (8192K)
 Metaspace       used 134275K, committed 136704K, reserved 1179648K
  class space    used 18040K, committed 19264K, reserved 1048576K
}
Event: 320.740 GC heap before
{Heap before GC invocations=64 (full 0):
 garbage-first heap   total 308224K, used 288127K [0x0000000080000000, 0x0000000100000000)
  region size 1024K, 123 young (125952K), 8 survivors (8192K)
 Metaspace       used 134617K, committed 137024K, reserved 1179648K
  class space    used 18044K, committed 19264K, reserved 1048576K
}
Event: 320.752 GC heap after
{Heap after GC invocations=65 (full 0):
 garbage-first heap   total 315392K, used 171895K [0x0000000080000000, 0x0000000100000000)
  region size 1024K, 16 young (16384K), 16 survivors (16384K)
 Metaspace       used 134617K, committed 137024K, reserved 1179648K
  class space    used 18044K, committed 19264K, reserved 1048576K
}
Event: 322.743 GC heap before
{Heap before GC invocations=65 (full 0):
 garbage-first heap   total 315392K, used 306039K [0x0000000080000000, 0x0000000100000000)
  region size 1024K, 119 young (121856K), 16 survivors (16384K)
 Metaspace       used 134782K, committed 137216K, reserved 1179648K
  class space    used 18044K, committed 19264K, reserved 1048576K
}
Event: 322.753 GC heap after
{Heap after GC invocations=66 (full 0):
 garbage-first heap   total 336896K, used 169605K [0x0000000080000000, 0x0000000100000000)
  region size 1024K, 9 young (9216K), 9 survivors (9216K)
 Metaspace       used 134782K, committed 137216K, reserved 1179648K
  class space    used 18044K, committed 19264K, reserved 1048576K
}
Event: 339.373 GC heap before
{Heap before GC invocations=66 (full 0):
 garbage-first heap   total 336896K, used 297605K [0x0000000080000000, 0x0000000100000000)
  region size 1024K, 135 young (138240K), 9 survivors (9216K)
 Metaspace       used 135148K, committed 137600K, reserved 1179648K
  class space    used 18048K, committed 19264K, reserved 1048576K
}
Event: 339.377 GC heap after
{Heap after GC invocations=67 (full 0):
 garbage-first heap   total 336896K, used 169379K [0x0000000080000000, 0x0000000100000000)
  region size 1024K, 9 young (9216K), 9 survivors (9216K)
 Metaspace       used 135148K, committed 137600K, reserved 1179648K
  class space    used 18048K, committed 19264K, reserved 1048576K
}
Event: 381.116 GC heap before
{Heap before GC invocations=68 (full 0):
 garbage-first heap   total 340992K, used 319907K [0x0000000080000000, 0x0000000100000000)
  region size 1024K, 143 young (146432K), 9 survivors (9216K)
 Metaspace       used 135347K, committed 137792K, reserved 1179648K
  class space    used 18049K, committed 19264K, reserved 1048576K
}
Event: 381.123 GC heap after
{Heap after GC invocations=69 (full 0):
 garbage-first heap   total 340992K, used 175167K [0x0000000080000000, 0x0000000100000000)
  region size 1024K, 18 young (18432K), 18 survivors (18432K)
 Metaspace       used 135347K, committed 137792K, reserved 1179648K
  class space    used 18049K, committed 19264K, reserved 1048576K
}
Event: 573.983 GC heap before
{Heap before GC invocations=69 (full 0):
 garbage-first heap   total 340992K, used 316479K [0x0000000080000000, 0x0000000100000000)
  region size 1024K, 143 young (146432K), 18 survivors (18432K)
 Metaspace       used 135565K, committed 137984K, reserved 1179648K
  class space    used 18051K, committed 19264K, reserved 1048576K
}
Event: 573.990 GC heap after
{Heap after GC invocations=70 (full 0):
 garbage-first heap   total 340992K, used 163405K [0x0000000080000000, 0x0000000100000000)
  region size 1024K, 6 young (6144K), 6 survivors (6144K)
 Metaspace       used 135565K, committed 137984K, reserved 1179648K
  class space    used 18051K, committed 19264K, reserved 1048576K
}
Event: 574.250 GC heap before
{Heap before GC invocations=70 (full 0):
 garbage-first heap   total 340992K, used 212557K [0x0000000080000000, 0x0000000100000000)
  region size 1024K, 55 young (56320K), 6 survivors (6144K)
 Metaspace       used 135696K, committed 138112K, reserved 1179648K
  class space    used 18053K, committed 19264K, reserved 1048576K
}
Event: 574.254 GC heap after
{Heap after GC invocations=71 (full 0):
 garbage-first heap   total 340992K, used 168588K [0x0000000080000000, 0x0000000100000000)
  region size 1024K, 11 young (11264K), 11 survivors (11264K)
 Metaspace       used 135696K, committed 138112K, reserved 1179648K
  class space    used 18053K, committed 19264K, reserved 1048576K
}
Event: 578.311 GC heap before
{Heap before GC invocations=72 (full 0):
 garbage-first heap   total 340992K, used 315020K [0x0000000080000000, 0x0000000100000000)
  region size 1024K, 142 young (145408K), 11 survivors (11264K)
 Metaspace       used 138575K, committed 141056K, reserved 1179648K
  class space    used 18245K, committed 19456K, reserved 1048576K
}
Event: 578.320 GC heap after
{Heap after GC invocations=73 (full 0):
 garbage-first heap   total 340992K, used 167032K [0x0000000080000000, 0x0000000100000000)
  region size 1024K, 13 young (13312K), 13 survivors (13312K)
 Metaspace       used 138575K, committed 141056K, reserved 1179648K
  class space    used 18245K, committed 19456K, reserved 1048576K
}

