# JRE version: OpenJDK Runtime Environment (21.0.7) (build 21.0.7+-13880790-b1038.58)
# Java VM: OpenJDK 64-Bit Server VM (21.0.7+-13880790-b1038.58, mixed mode, tiered, compressed oops, compressed class ptrs, g1 gc, windows-amd64)
GC Precious Log:
 CardTable entry size: 512
 Card Set container configuration: InlinePtr #cards 5 size 8 Array Of Cards #cards 12 size 40 Howl #buckets 4 coarsen threshold 1843 Howl Bitmap #cards 512 size 80 coarsen threshold 460 Card regions per heap region 1 cards per card region 2048
 CPUs: 16 total, 16 available
 Memory: 20332M
 Large Page Support: Disabled
 NUMA Support: Disabled
 Compressed Oops: Enabled (32-bit)
 Heap Region Size: 1M
 Heap Min Capacity: 8M
 Heap Initial Capacity: 318M
 Heap Max Capacity: 2G
 Pre-touch: Disabled
 Parallel Workers: 13
 Concurrent Workers: 3
 Concurrent Refinement Workers: 13
 Periodic GC: Disabled
Heap:
 garbage-first heap   total 295936K, used 216778K [0x0000000080000000, 0x0000000100000000)
  region size 1024K, 48 young (49152K), 8 survivors (8192K)
 Metaspace       used 131244K, committed 133632K, reserved 1179648K
  class space    used 17839K, committed 19008K, reserved 1048576K
GC Heap History (20 events):
Event: 9.163 GC heap before
{Heap before GC invocations=25 (full 0):
 garbage-first heap   total 264192K, used 239099K [0x0000000080000000, 0x0000000100000000)
  region size 1024K, 96 young (98304K), 2 survivors (2048K)
 Metaspace       used 97365K, committed 99456K, reserved 1179648K
  class space    used 13282K, committed 14336K, reserved 1048576K
}
Event: 9.166 GC heap after
{Heap after GC invocations=26 (full 0):
 garbage-first heap   total 264192K, used 148634K [0x0000000080000000, 0x0000000100000000)
  region size 1024K, 8 young (8192K), 8 survivors (8192K)
 Metaspace       used 97365K, committed 99456K, reserved 1179648K
  class space    used 13282K, committed 14336K, reserved 1048576K
}
Event: 10.041 GC heap before
{Heap before GC invocations=26 (full 0):
 garbage-first heap   total 264192K, used 239770K [0x0000000080000000, 0x0000000100000000)
  region size 1024K, 97 young (99328K), 8 survivors (8192K)
 Metaspace       used 104265K, committed 106368K, reserved 1179648K
  class space    used 14409K, committed 15488K, reserved 1048576K
}
Event: 10.046 GC heap after
{Heap after GC invocations=27 (full 0):
 garbage-first heap   total 264192K, used 150665K [0x0000000080000000, 0x0000000100000000)
  region size 1024K, 10 young (10240K), 10 survivors (10240K)
 Metaspace       used 104265K, committed 106368K, reserved 1179648K
  class space    used 14409K, committed 15488K, reserved 1048576K
}
Event: 10.486 GC heap before
{Heap before GC invocations=27 (full 0):
 garbage-first heap   total 264192K, used 199817K [0x0000000080000000, 0x0000000100000000)
  region size 1024K, 59 young (60416K), 10 survivors (10240K)
 Metaspace       used 107979K, committed 110144K, reserved 1179648K
  class space    used 14933K, committed 16000K, reserved 1048576K
}
Event: 10.491 GC heap after
{Heap after GC invocations=28 (full 0):
 garbage-first heap   total 264192K, used 153165K [0x0000000080000000, 0x0000000100000000)
  region size 1024K, 6 young (6144K), 6 survivors (6144K)
 Metaspace       used 107979K, committed 110144K, reserved 1179648K
  class space    used 14933K, committed 16000K, reserved 1048576K
}
Event: 11.100 GC heap before
{Heap before GC invocations=29 (full 0):
 garbage-first heap   total 264192K, used 244301K [0x0000000080000000, 0x0000000100000000)
  region size 1024K, 94 young (96256K), 6 survivors (6144K)
 Metaspace       used 112950K, committed 115200K, reserved 1179648K
  class space    used 15661K, committed 16768K, reserved 1048576K
}
Event: 11.104 GC heap after
{Heap after GC invocations=30 (full 0):
 garbage-first heap   total 264192K, used 160933K [0x0000000080000000, 0x0000000100000000)
  region size 1024K, 12 young (12288K), 12 survivors (12288K)
 Metaspace       used 112950K, committed 115200K, reserved 1179648K
  class space    used 15661K, committed 16768K, reserved 1048576K
}
Event: 11.429 GC heap before
{Heap before GC invocations=30 (full 0):
 garbage-first heap   total 264192K, used 236709K [0x0000000080000000, 0x0000000100000000)
  region size 1024K, 86 young (88064K), 12 survivors (12288K)
 Metaspace       used 112952K, committed 115200K, reserved 1179648K
  class space    used 15661K, committed 16768K, reserved 1048576K
}
Event: 11.434 GC heap after
{Heap after GC invocations=31 (full 0):
 garbage-first heap   total 264192K, used 161731K [0x0000000080000000, 0x0000000100000000)
  region size 1024K, 9 young (9216K), 9 survivors (9216K)
 Metaspace       used 112952K, committed 115200K, reserved 1179648K
  class space    used 15661K, committed 16768K, reserved 1048576K
}
Event: 11.778 GC heap before
{Heap before GC invocations=31 (full 0):
 garbage-first heap   total 264192K, used 239555K [0x0000000080000000, 0x0000000100000000)
  region size 1024K, 85 young (87040K), 9 survivors (9216K)
 Metaspace       used 112986K, committed 115264K, reserved 1179648K
  class space    used 15669K, committed 16768K, reserved 1048576K
}
Event: 11.782 GC heap after
{Heap after GC invocations=32 (full 0):
 garbage-first heap   total 264192K, used 163773K [0x0000000080000000, 0x0000000100000000)
  region size 1024K, 7 young (7168K), 7 survivors (7168K)
 Metaspace       used 112986K, committed 115264K, reserved 1179648K
  class space    used 15669K, committed 16768K, reserved 1048576K
}
Event: 12.276 GC heap before
{Heap before GC invocations=33 (full 0):
 garbage-first heap   total 273408K, used 243645K [0x0000000080000000, 0x0000000100000000)
  region size 1024K, 84 young (86016K), 7 survivors (7168K)
 Metaspace       used 116154K, committed 118464K, reserved 1179648K
  class space    used 15969K, committed 17088K, reserved 1048576K
}
Event: 12.280 GC heap after
{Heap after GC invocations=34 (full 0):
 garbage-first heap   total 273408K, used 166838K [0x0000000080000000, 0x0000000100000000)
  region size 1024K, 8 young (8192K), 8 survivors (8192K)
 Metaspace       used 116154K, committed 118464K, reserved 1179648K
  class space    used 15969K, committed 17088K, reserved 1048576K
}
Event: 13.015 GC heap before
{Heap before GC invocations=34 (full 0):
 garbage-first heap   total 273408K, used 249782K [0x0000000080000000, 0x0000000100000000)
  region size 1024K, 89 young (91136K), 8 survivors (8192K)
 Metaspace       used 123545K, committed 125888K, reserved 1179648K
  class space    used 17046K, committed 18240K, reserved 1048576K
}
Event: 13.021 GC heap after
{Heap after GC invocations=35 (full 0):
 garbage-first heap   total 273408K, used 169385K [0x0000000080000000, 0x0000000100000000)
  region size 1024K, 10 young (10240K), 10 survivors (10240K)
 Metaspace       used 123545K, committed 125888K, reserved 1179648K
  class space    used 17046K, committed 18240K, reserved 1048576K
}
Event: 13.234 GC heap before
{Heap before GC invocations=35 (full 0):
 garbage-first heap   total 273408K, used 197033K [0x0000000080000000, 0x0000000100000000)
  region size 1024K, 39 young (39936K), 10 survivors (10240K)
 Metaspace       used 126343K, committed 128704K, reserved 1179648K
  class space    used 17357K, committed 18560K, reserved 1048576K
}
Event: 13.239 GC heap after
{Heap after GC invocations=36 (full 0):
 garbage-first heap   total 273408K, used 171849K [0x0000000080000000, 0x0000000100000000)
  region size 1024K, 7 young (7168K), 7 survivors (7168K)
 Metaspace       used 126343K, committed 128704K, reserved 1179648K
  class space    used 17357K, committed 18560K, reserved 1048576K
}
Event: 13.725 GC heap before
{Heap before GC invocations=37 (full 0):
 garbage-first heap   total 295936K, used 254793K [0x0000000080000000, 0x0000000100000000)
  region size 1024K, 84 young (86016K), 7 survivors (7168K)
 Metaspace       used 128884K, committed 131200K, reserved 1179648K
  class space    used 17574K, committed 18752K, reserved 1048576K
}
Event: 13.729 GC heap after
{Heap after GC invocations=38 (full 0):
 garbage-first heap   total 295936K, used 176842K [0x0000000080000000, 0x0000000100000000)
  region size 1024K, 8 young (8192K), 8 survivors (8192K)
 Metaspace       used 128884K, committed 131200K, reserved 1179648K
  class space    used 17574K, committed 18752K, reserved 1048576K
}

