# JRE version: OpenJDK Runtime Environment (21.0.7) (build 21.0.7+-13880790-b1038.58)
# Java VM: OpenJDK 64-Bit Server VM (21.0.7+-13880790-b1038.58, mixed mode, tiered, compressed oops, compressed class ptrs, g1 gc, windows-amd64)
GC Precious Log:
 CardTable entry size: 512
 Card Set container configuration: InlinePtr #cards 5 size 8 Array Of Cards #cards 12 size 40 Howl #buckets 4 coarsen threshold 1843 Howl Bitmap #cards 512 size 80 coarsen threshold 460 Card regions per heap region 1 cards per card region 2048
 CPUs: 16 total, 16 available
 Memory: 20332M
 Large Page Support: Disabled
 NUMA Support: Disabled
 Compressed Oops: Enabled (32-bit)
 Heap Region Size: 1M
 Heap Min Capacity: 8M
 Heap Initial Capacity: 318M
 Heap Max Capacity: 2G
 Pre-touch: Disabled
 Parallel Workers: 13
 Concurrent Workers: 3
 Concurrent Refinement Workers: 13
 Periodic GC: Disabled
Heap:
 garbage-first heap   total 419840K, used 285190K [0x0000000080000000, 0x0000000100000000)
  region size 1024K, 59 young (60416K), 18 survivors (18432K)
 Metaspace       used 184850K, committed 187584K, reserved 1245184K
  class space    used 25270K, committed 26624K, reserved 1048576K
GC Heap History (20 events):
Event: 442.037 GC heap after
{Heap after GC invocations=77 (full 0):
 garbage-first heap   total 353280K, used 195744K [0x0000000080000000, 0x0000000100000000)
  region size 1024K, 4 young (4096K), 4 survivors (4096K)
 Metaspace       used 179442K, committed 182208K, reserved 1245184K
  class space    used 24899K, committed 26304K, reserved 1048576K
}
Event: 442.870 GC heap before
{Heap before GC invocations=78 (full 0):
 garbage-first heap   total 353280K, used 320672K [0x0000000080000000, 0x0000000100000000)
  region size 1024K, 121 young (123904K), 4 survivors (4096K)
 Metaspace       used 180229K, committed 182912K, reserved 1245184K
  class space    used 24921K, committed 26304K, reserved 1048576K
}
Event: 442.873 GC heap after
{Heap after GC invocations=79 (full 0):
 garbage-first heap   total 353280K, used 197360K [0x0000000080000000, 0x0000000100000000)
  region size 1024K, 6 young (6144K), 6 survivors (6144K)
 Metaspace       used 180229K, committed 182912K, reserved 1245184K
  class space    used 24921K, committed 26304K, reserved 1048576K
}
Event: 510.800 GC heap before
{Heap before GC invocations=79 (full 0):
 garbage-first heap   total 353280K, used 334576K [0x0000000080000000, 0x0000000100000000)
  region size 1024K, 126 young (129024K), 6 survivors (6144K)
 Metaspace       used 180453K, committed 183168K, reserved 1245184K
  class space    used 24925K, committed 26304K, reserved 1048576K
}
Event: 510.808 GC heap after
{Heap after GC invocations=80 (full 0):
 garbage-first heap   total 353280K, used 185930K [0x0000000080000000, 0x0000000100000000)
  region size 1024K, 11 young (11264K), 11 survivors (11264K)
 Metaspace       used 180453K, committed 183168K, reserved 1245184K
  class space    used 24925K, committed 26304K, reserved 1048576K
}
Event: 510.827 GC heap before
{Heap before GC invocations=80 (full 0):
 garbage-first heap   total 353280K, used 187978K [0x0000000080000000, 0x0000000100000000)
  region size 1024K, 14 young (14336K), 11 survivors (11264K)
 Metaspace       used 180456K, committed 183168K, reserved 1245184K
  class space    used 24925K, committed 26304K, reserved 1048576K
}
Event: 510.831 GC heap after
{Heap after GC invocations=81 (full 0):
 garbage-first heap   total 353280K, used 187802K [0x0000000080000000, 0x0000000100000000)
  region size 1024K, 2 young (2048K), 2 survivors (2048K)
 Metaspace       used 180456K, committed 183168K, reserved 1245184K
  class space    used 24925K, committed 26304K, reserved 1048576K
}
Event: 523.884 GC heap before
{Heap before GC invocations=82 (full 0):
 garbage-first heap   total 353280K, used 337306K [0x0000000080000000, 0x0000000100000000)
  region size 1024K, 133 young (136192K), 2 survivors (2048K)
 Metaspace       used 181186K, committed 183872K, reserved 1245184K
  class space    used 25007K, committed 26368K, reserved 1048576K
}
Event: 523.888 GC heap after
{Heap after GC invocations=83 (full 0):
 garbage-first heap   total 353280K, used 191107K [0x0000000080000000, 0x0000000100000000)
  region size 1024K, 7 young (7168K), 7 survivors (7168K)
 Metaspace       used 181186K, committed 183872K, reserved 1245184K
  class space    used 25007K, committed 26368K, reserved 1048576K
}
Event: 525.197 GC heap before
{Heap before GC invocations=83 (full 0):
 garbage-first heap   total 353280K, used 339587K [0x0000000080000000, 0x0000000100000000)
  region size 1024K, 137 young (140288K), 7 survivors (7168K)
 Metaspace       used 181674K, committed 184320K, reserved 1245184K
  class space    used 25013K, committed 26368K, reserved 1048576K
}
Event: 525.217 GC heap after
{Heap after GC invocations=84 (full 0):
 garbage-first heap   total 389120K, used 214012K [0x0000000080000000, 0x0000000100000000)
  region size 1024K, 18 young (18432K), 18 survivors (18432K)
 Metaspace       used 181674K, committed 184320K, reserved 1245184K
  class space    used 25013K, committed 26368K, reserved 1048576K
}
Event: 525.339 GC heap before
{Heap before GC invocations=84 (full 0):
 garbage-first heap   total 389120K, used 226300K [0x0000000080000000, 0x0000000100000000)
  region size 1024K, 31 young (31744K), 18 survivors (18432K)
 Metaspace       used 181691K, committed 184448K, reserved 1245184K
  class space    used 25015K, committed 26368K, reserved 1048576K
}
Event: 525.349 GC heap after
{Heap after GC invocations=85 (full 0):
 garbage-first heap   total 389120K, used 224900K [0x0000000080000000, 0x0000000100000000)
  region size 1024K, 8 young (8192K), 8 survivors (8192K)
 Metaspace       used 181691K, committed 184448K, reserved 1245184K
  class space    used 25015K, committed 26368K, reserved 1048576K
}
Event: 525.883 GC heap before
{Heap before GC invocations=86 (full 0):
 garbage-first heap   total 399360K, used 353924K [0x0000000080000000, 0x0000000100000000)
  region size 1024K, 121 young (123904K), 8 survivors (8192K)
 Metaspace       used 183935K, committed 186624K, reserved 1245184K
  class space    used 25212K, committed 26560K, reserved 1048576K
}
Event: 525.890 GC heap after
{Heap after GC invocations=87 (full 0):
 garbage-first heap   total 399360K, used 228303K [0x0000000080000000, 0x0000000100000000)
  region size 1024K, 12 young (12288K), 12 survivors (12288K)
 Metaspace       used 183935K, committed 186624K, reserved 1245184K
  class space    used 25212K, committed 26560K, reserved 1048576K
}
Event: 571.918 GC heap before
{Heap before GC invocations=87 (full 0):
 garbage-first heap   total 399360K, used 352207K [0x0000000080000000, 0x0000000100000000)
  region size 1024K, 134 young (137216K), 12 survivors (12288K)
 Metaspace       used 184616K, committed 187328K, reserved 1245184K
  class space    used 25263K, committed 26624K, reserved 1048576K
}
Event: 571.923 GC heap after
{Heap after GC invocations=88 (full 0):
 garbage-first heap   total 399360K, used 211958K [0x0000000080000000, 0x0000000100000000)
  region size 1024K, 6 young (6144K), 6 survivors (6144K)
 Metaspace       used 184616K, committed 187328K, reserved 1245184K
  class space    used 25263K, committed 26624K, reserved 1048576K
}
Event: 572.589 GC heap before
{Heap before GC invocations=88 (full 0):
 garbage-first heap   total 399360K, used 290806K [0x0000000080000000, 0x0000000100000000)
  region size 1024K, 85 young (87040K), 6 survivors (6144K)
 Metaspace       used 184773K, committed 187520K, reserved 1245184K
  class space    used 25269K, committed 26624K, reserved 1048576K
}
Event: 572.596 GC heap after
{Heap after GC invocations=89 (full 0):
 garbage-first heap   total 399360K, used 226710K [0x0000000080000000, 0x0000000100000000)
  region size 1024K, 19 young (19456K), 19 survivors (19456K)
 Metaspace       used 184773K, committed 187520K, reserved 1245184K
  class space    used 25269K, committed 26624K, reserved 1048576K
}
Event: 573.272 GC heap before
{Heap before GC invocations=90 (full 0):
 garbage-first heap   total 399360K, used 370070K [0x0000000080000000, 0x0000000100000000)
  region size 1024K, 140 young (143360K), 19 survivors (19456K)
 Metaspace       used 184833K, committed 187584K, reserved 1245184K
  class space    used 25270K, committed 26624K, reserved 1048576K
}

