# JRE version: OpenJDK Runtime Environment (21.0.7) (build 21.0.7+-13880790-b1038.58)
# Java VM: OpenJDK 64-Bit Server VM (21.0.7+-13880790-b1038.58, mixed mode, tiered, compressed oops, compressed class ptrs, g1 gc, windows-amd64)
GC Precious Log:
 CardTable entry size: 512
 Card Set container configuration: InlinePtr #cards 5 size 8 Array Of Cards #cards 12 size 40 Howl #buckets 4 coarsen threshold 1843 Howl Bitmap #cards 512 size 80 coarsen threshold 460 Card regions per heap region 1 cards per card region 2048
 CPUs: 16 total, 16 available
 Memory: 20332M
 Large Page Support: Disabled
 NUMA Support: Disabled
 Compressed Oops: Enabled (32-bit)
 Heap Region Size: 1M
 Heap Min Capacity: 8M
 Heap Initial Capacity: 318M
 Heap Max Capacity: 2G
 Pre-touch: Disabled
 Parallel Workers: 13
 Concurrent Workers: 3
 Concurrent Refinement Workers: 13
 Periodic GC: Disabled
Heap:
 garbage-first heap   total 295936K, used 215142K [0x0000000080000000, 0x0000000100000000)
  region size 1024K, 48 young (49152K), 9 survivors (9216K)
 Metaspace       used 131071K, committed 133504K, reserved 1179648K
  class space    used 17815K, committed 19008K, reserved 1048576K
GC Heap History (20 events):
Event: 9.445 GC heap before
{Heap before GC invocations=25 (full 0):
 garbage-first heap   total 258048K, used 240293K [0x0000000080000000, 0x0000000100000000)
  region size 1024K, 99 young (101376K), 2 survivors (2048K)
 Metaspace       used 97591K, committed 99648K, reserved 1179648K
  class space    used 13297K, committed 14336K, reserved 1048576K
}
Event: 9.449 GC heap after
{Heap after GC invocations=26 (full 0):
 garbage-first heap   total 258048K, used 147093K [0x0000000080000000, 0x0000000100000000)
  region size 1024K, 8 young (8192K), 8 survivors (8192K)
 Metaspace       used 97591K, committed 99648K, reserved 1179648K
  class space    used 13297K, committed 14336K, reserved 1048576K
}
Event: 10.238 GC heap before
{Heap before GC invocations=26 (full 0):
 garbage-first heap   total 258048K, used 235157K [0x0000000080000000, 0x0000000100000000)
  region size 1024K, 94 young (96256K), 8 survivors (8192K)
 Metaspace       used 104251K, committed 106432K, reserved 1179648K
  class space    used 14393K, committed 15488K, reserved 1048576K
}
Event: 10.243 GC heap after
{Heap after GC invocations=27 (full 0):
 garbage-first heap   total 258048K, used 149958K [0x0000000080000000, 0x0000000100000000)
  region size 1024K, 4 young (4096K), 4 survivors (4096K)
 Metaspace       used 104251K, committed 106432K, reserved 1179648K
  class space    used 14393K, committed 15488K, reserved 1048576K
}
Event: 10.638 GC heap before
{Heap before GC invocations=27 (full 0):
 garbage-first heap   total 258048K, used 198086K [0x0000000080000000, 0x0000000100000000)
  region size 1024K, 53 young (54272K), 4 survivors (4096K)
 Metaspace       used 107957K, committed 110144K, reserved 1179648K
  class space    used 14915K, committed 16000K, reserved 1048576K
}
Event: 10.641 GC heap after
{Heap after GC invocations=28 (full 0):
 garbage-first heap   total 258048K, used 151792K [0x0000000080000000, 0x0000000100000000)
  region size 1024K, 6 young (6144K), 6 survivors (6144K)
 Metaspace       used 107957K, committed 110144K, reserved 1179648K
  class space    used 14915K, committed 16000K, reserved 1048576K
}
Event: 11.244 GC heap before
{Heap before GC invocations=29 (full 0):
 garbage-first heap   total 260096K, used 236784K [0x0000000080000000, 0x0000000100000000)
  region size 1024K, 88 young (90112K), 6 survivors (6144K)
 Metaspace       used 112940K, committed 115200K, reserved 1179648K
  class space    used 15645K, committed 16768K, reserved 1048576K
}
Event: 11.249 GC heap after
{Heap after GC invocations=30 (full 0):
 garbage-first heap   total 260096K, used 159442K [0x0000000080000000, 0x0000000100000000)
  region size 1024K, 11 young (11264K), 11 survivors (11264K)
 Metaspace       used 112940K, committed 115200K, reserved 1179648K
  class space    used 15645K, committed 16768K, reserved 1048576K
}
Event: 11.583 GC heap before
{Heap before GC invocations=30 (full 0):
 garbage-first heap   total 260096K, used 233170K [0x0000000080000000, 0x0000000100000000)
  region size 1024K, 83 young (84992K), 11 survivors (11264K)
 Metaspace       used 112941K, committed 115200K, reserved 1179648K
  class space    used 15645K, committed 16768K, reserved 1048576K
}
Event: 11.588 GC heap after
{Heap after GC invocations=31 (full 0):
 garbage-first heap   total 260096K, used 160140K [0x0000000080000000, 0x0000000100000000)
  region size 1024K, 8 young (8192K), 8 survivors (8192K)
 Metaspace       used 112941K, committed 115200K, reserved 1179648K
  class space    used 15645K, committed 16768K, reserved 1048576K
}
Event: 11.915 GC heap before
{Heap before GC invocations=31 (full 0):
 garbage-first heap   total 260096K, used 236940K [0x0000000080000000, 0x0000000100000000)
  region size 1024K, 83 young (84992K), 8 survivors (8192K)
 Metaspace       used 112976K, committed 115264K, reserved 1179648K
  class space    used 15653K, committed 16768K, reserved 1048576K
}
Event: 11.919 GC heap after
{Heap after GC invocations=32 (full 0):
 garbage-first heap   total 260096K, used 162829K [0x0000000080000000, 0x0000000100000000)
  region size 1024K, 7 young (7168K), 7 survivors (7168K)
 Metaspace       used 112976K, committed 115264K, reserved 1179648K
  class space    used 15653K, committed 16768K, reserved 1048576K
}
Event: 12.334 GC heap before
{Heap before GC invocations=33 (full 0):
 garbage-first heap   total 273408K, used 238605K [0x0000000080000000, 0x0000000100000000)
  region size 1024K, 80 young (81920K), 7 survivors (7168K)
 Metaspace       used 114264K, committed 116480K, reserved 1179648K
  class space    used 15723K, committed 16832K, reserved 1048576K
}
Event: 12.337 GC heap after
{Heap after GC invocations=34 (full 0):
 garbage-first heap   total 273408K, used 166875K [0x0000000080000000, 0x0000000100000000)
  region size 1024K, 8 young (8192K), 8 survivors (8192K)
 Metaspace       used 114264K, committed 116480K, reserved 1179648K
  class space    used 15723K, committed 16832K, reserved 1048576K
}
Event: 13.108 GC heap before
{Heap before GC invocations=34 (full 0):
 garbage-first heap   total 273408K, used 248795K [0x0000000080000000, 0x0000000100000000)
  region size 1024K, 89 young (91136K), 8 survivors (8192K)
 Metaspace       used 122575K, committed 124864K, reserved 1179648K
  class space    used 16903K, committed 18048K, reserved 1048576K
}
Event: 13.113 GC heap after
{Heap after GC invocations=35 (full 0):
 garbage-first heap   total 273408K, used 167994K [0x0000000080000000, 0x0000000100000000)
  region size 1024K, 9 young (9216K), 9 survivors (9216K)
 Metaspace       used 122575K, committed 124864K, reserved 1179648K
  class space    used 16903K, committed 18048K, reserved 1048576K
}
Event: 13.454 GC heap before
{Heap before GC invocations=35 (full 0):
 garbage-first heap   total 273408K, used 209978K [0x0000000080000000, 0x0000000100000000)
  region size 1024K, 51 young (52224K), 9 survivors (9216K)
 Metaspace       used 126320K, committed 128704K, reserved 1179648K
  class space    used 17346K, committed 18560K, reserved 1048576K
}
Event: 13.458 GC heap after
{Heap after GC invocations=36 (full 0):
 garbage-first heap   total 273408K, used 171254K [0x0000000080000000, 0x0000000100000000)
  region size 1024K, 7 young (7168K), 7 survivors (7168K)
 Metaspace       used 126320K, committed 128704K, reserved 1179648K
  class space    used 17346K, committed 18560K, reserved 1048576K
}
Event: 13.905 GC heap before
{Heap before GC invocations=37 (full 0):
 garbage-first heap   total 295936K, used 254198K [0x0000000080000000, 0x0000000100000000)
  region size 1024K, 84 young (86016K), 7 survivors (7168K)
 Metaspace       used 128890K, committed 131264K, reserved 1179648K
  class space    used 17564K, committed 18752K, reserved 1048576K
}
Event: 13.911 GC heap after
{Heap after GC invocations=38 (full 0):
 garbage-first heap   total 295936K, used 177254K [0x0000000080000000, 0x0000000100000000)
  region size 1024K, 9 young (9216K), 9 survivors (9216K)
 Metaspace       used 128890K, committed 131264K, reserved 1179648K
  class space    used 17564K, committed 18752K, reserved 1048576K
}

