# JRE version: OpenJDK Runtime Environment (21.0.7) (build 21.0.7+-13880790-b1038.58)
# Java VM: OpenJDK 64-Bit Server VM (21.0.7+-13880790-b1038.58, mixed mode, tiered, compressed oops, compressed class ptrs, g1 gc, windows-amd64)
GC Precious Log:
 CardTable entry size: 512
 Card Set container configuration: InlinePtr #cards 5 size 8 Array Of Cards #cards 12 size 40 Howl #buckets 4 coarsen threshold 1843 Howl Bitmap #cards 512 size 80 coarsen threshold 460 Card regions per heap region 1 cards per card region 2048
 CPUs: 16 total, 16 available
 Memory: 20332M
 Large Page Support: Disabled
 NUMA Support: Disabled
 Compressed Oops: Enabled (32-bit)
 Heap Region Size: 1M
 Heap Min Capacity: 8M
 Heap Initial Capacity: 318M
 Heap Max Capacity: 2G
 Pre-touch: Disabled
 Parallel Workers: 13
 Concurrent Workers: 3
 Concurrent Refinement Workers: 13
 Periodic GC: Disabled
Heap:
 garbage-first heap   total 478208K, used 350261K [0x0000000080000000, 0x0000000100000000)
  region size 1024K, 105 young (107520K), 14 survivors (14336K)
 Metaspace       used 205513K, committed 209408K, reserved 1245184K
  class space    used 27466K, committed 29440K, reserved 1048576K
GC Heap History (20 events):
Event: 842.013 GC heap before
{Heap before GC invocations=77 (full 0):
 garbage-first heap   total 413696K, used 372929K [0x0000000080000000, 0x0000000100000000)
  region size 1024K, 110 young (112640K), 9 survivors (9216K)
 Metaspace       used 194766K, committed 197568K, reserved 1245184K
  class space    used 26815K, committed 28224K, reserved 1048576K
}
Event: 842.021 GC heap after
{Heap after GC invocations=78 (full 0):
 garbage-first heap   total 413696K, used 280130K [0x0000000080000000, 0x0000000100000000)
  region size 1024K, 14 young (14336K), 14 survivors (14336K)
 Metaspace       used 194766K, committed 197568K, reserved 1245184K
  class space    used 26815K, committed 28224K, reserved 1048576K
}
Event: 843.752 GC heap before
{Heap before GC invocations=79 (full 0):
 garbage-first heap   total 467968K, used 375362K [0x0000000080000000, 0x0000000100000000)
  region size 1024K, 106 young (108544K), 14 survivors (14336K)
 Metaspace       used 198614K, committed 201472K, reserved 1245184K
  class space    used 27140K, committed 28544K, reserved 1048576K
}
Event: 843.758 GC heap after
{Heap after GC invocations=80 (full 0):
 garbage-first heap   total 467968K, used 283013K [0x0000000080000000, 0x0000000100000000)
  region size 1024K, 6 young (6144K), 6 survivors (6144K)
 Metaspace       used 198614K, committed 201472K, reserved 1245184K
  class space    used 27140K, committed 28544K, reserved 1048576K
}
Event: 846.121 GC heap before
{Heap before GC invocations=80 (full 0):
 garbage-first heap   total 467968K, used 438661K [0x0000000080000000, 0x0000000100000000)
  region size 1024K, 151 young (154624K), 6 survivors (6144K)
 Metaspace       used 201042K, committed 203904K, reserved 1245184K
  class space    used 27324K, committed 28736K, reserved 1048576K
}
Event: 846.134 GC heap after
{Heap after GC invocations=81 (full 0):
 garbage-first heap   total 467968K, used 277394K [0x0000000080000000, 0x0000000100000000)
  region size 1024K, 15 young (15360K), 15 survivors (15360K)
 Metaspace       used 201042K, committed 203904K, reserved 1245184K
  class space    used 27324K, committed 28736K, reserved 1048576K
}
Event: 846.421 GC heap before
{Heap before GC invocations=81 (full 0):
 garbage-first heap   total 467968K, used 329618K [0x0000000080000000, 0x0000000100000000)
  region size 1024K, 68 young (69632K), 15 survivors (15360K)
 Metaspace       used 201381K, committed 204224K, reserved 1245184K
  class space    used 27381K, committed 28800K, reserved 1048576K
}
Event: 846.426 GC heap after
{Heap after GC invocations=82 (full 0):
 garbage-first heap   total 467968K, used 270695K [0x0000000080000000, 0x0000000100000000)
  region size 1024K, 6 young (6144K), 6 survivors (6144K)
 Metaspace       used 201381K, committed 204224K, reserved 1245184K
  class space    used 27381K, committed 28800K, reserved 1048576K
}
Event: 1264.948 GC heap before
{Heap before GC invocations=83 (full 0):
 garbage-first heap   total 467968K, used 444775K [0x0000000080000000, 0x0000000100000000)
  region size 1024K, 164 young (167936K), 6 survivors (6144K)
 Metaspace       used 204497K, committed 207424K, reserved 1245184K
  class space    used 27736K, committed 29184K, reserved 1048576K
}
Event: 1264.954 GC heap after
{Heap after GC invocations=84 (full 0):
 garbage-first heap   total 467968K, used 271661K [0x0000000080000000, 0x0000000100000000)
  region size 1024K, 10 young (10240K), 10 survivors (10240K)
 Metaspace       used 204497K, committed 207424K, reserved 1245184K
  class space    used 27736K, committed 29184K, reserved 1048576K
}
Event: 1839.765 GC heap before
{Heap before GC invocations=84 (full 0):
 garbage-first heap   total 467968K, used 431405K [0x0000000080000000, 0x0000000100000000)
  region size 1024K, 167 young (171008K), 10 survivors (10240K)
 Metaspace       used 206326K, committed 209344K, reserved 1245184K
  class space    used 27942K, committed 29440K, reserved 1048576K
}
Event: 1839.778 GC heap after
{Heap after GC invocations=85 (full 0):
 garbage-first heap   total 467968K, used 250776K [0x0000000080000000, 0x0000000100000000)
  region size 1024K, 11 young (11264K), 11 survivors (11264K)
 Metaspace       used 206326K, committed 209344K, reserved 1245184K
  class space    used 27942K, committed 29440K, reserved 1048576K
}
Event: 1840.007 GC heap before
{Heap before GC invocations=85 (full 0):
 garbage-first heap   total 467968K, used 269208K [0x0000000080000000, 0x0000000100000000)
  region size 1024K, 31 young (31744K), 11 survivors (11264K)
 Metaspace       used 206385K, committed 209408K, reserved 1245184K
  class space    used 27945K, committed 29440K, reserved 1048576K
}
Event: 1840.013 GC heap after
{Heap after GC invocations=86 (full 0):
 garbage-first heap   total 467968K, used 253376K [0x0000000080000000, 0x0000000100000000)
  region size 1024K, 14 young (14336K), 14 survivors (14336K)
 Metaspace       used 206385K, committed 209408K, reserved 1245184K
  class space    used 27945K, committed 29440K, reserved 1048576K
}
Event: 1852.444 GC heap before
{Heap before GC invocations=87 (full 0):
 garbage-first heap   total 467968K, used 451008K [0x0000000080000000, 0x0000000100000000)
  region size 1024K, 182 young (186368K), 14 survivors (14336K)
 Metaspace       used 205235K, committed 209536K, reserved 1245184K
  class space    used 27479K, committed 29440K, reserved 1048576K
}
Event: 1852.450 GC heap after
{Heap after GC invocations=88 (full 0):
 garbage-first heap   total 467968K, used 249988K [0x0000000080000000, 0x0000000100000000)
  region size 1024K, 10 young (10240K), 10 survivors (10240K)
 Metaspace       used 205235K, committed 209536K, reserved 1245184K
  class space    used 27479K, committed 29440K, reserved 1048576K
}
Event: 1937.433 GC heap before
{Heap before GC invocations=88 (full 0):
 garbage-first heap   total 467968K, used 448644K [0x0000000080000000, 0x0000000100000000)
  region size 1024K, 187 young (191488K), 10 survivors (10240K)
 Metaspace       used 205522K, committed 209536K, reserved 1245184K
  class space    used 27487K, committed 29440K, reserved 1048576K
}
Event: 1937.446 GC heap after
{Heap after GC invocations=89 (full 0):
 garbage-first heap   total 478208K, used 235756K [0x0000000080000000, 0x0000000100000000)
  region size 1024K, 9 young (9216K), 9 survivors (9216K)
 Metaspace       used 205522K, committed 209536K, reserved 1245184K
  class space    used 27487K, committed 29440K, reserved 1048576K
}
Event: 1937.650 GC heap before
{Heap before GC invocations=89 (full 0):
 garbage-first heap   total 478208K, used 267500K [0x0000000080000000, 0x0000000100000000)
  region size 1024K, 42 young (43008K), 9 survivors (9216K)
 Metaspace       used 205639K, committed 209536K, reserved 1245184K
  class space    used 27487K, committed 29440K, reserved 1048576K
}
Event: 1937.656 GC heap after
{Heap after GC invocations=90 (full 0):
 garbage-first heap   total 478208K, used 240693K [0x0000000080000000, 0x0000000100000000)
  region size 1024K, 14 young (14336K), 14 survivors (14336K)
 Metaspace       used 205639K, committed 209536K, reserved 1245184K
  class space    used 27487K, committed 29440K, reserved 1048576K
}

